Loading
  495 tests found

Running tests
  Running ASHR1/test.desc  [OK] in 0 seconds
  Running Address_of1/test.desc  [OK] in 0 seconds
  Running Address_of2/test.desc  [OK] in 0 seconds
  Running Anonymous_Struct1/test.desc  [OK] in 1 seconds
  Running Anonymous_Struct2/test.desc  [OK] in 0 seconds
  Running Anonymous_Struct3/test.desc  [OK] in 0 seconds
  Running Array_Initialization1/test.desc  [OK] in 0 seconds
  Running Array_Initialization2/test.desc  [OK] in 0 seconds
  Running Array_Initialization3/test.desc  [OK] in 1 seconds
  Running Associativity1/test.desc  [OK] in 0 seconds
  Running Assumption1/test.desc  [OK] in 0 seconds
  Running BV_Arithmetic1/test.desc  [OK] in 0 seconds
  Running BV_Arithmetic2/test.desc  [OK] in 0 seconds
  Running BV_Arithmetic3/test.desc  [OK] in 1 seconds
  Running BV_Arithmetic4/test.desc  [OK] in 0 seconds
  Running BV_Arithmetic5/test.desc  [OK] in 0 seconds
  Running BV_Arithmetic6/test.desc  [OK] in 0 seconds
  Running Bitfields1/test.desc  [OK] in 1 seconds
  Running Bitfields2/test.desc  [OK] in 0 seconds
  Running Bool1/test.desc  [OK] in 0 seconds
  Running Bool2/test.desc  [OK] in 0 seconds
  Running Bool3/test.desc  [OK] in 0 seconds
  Running Bool4/test.desc  [OK] in 1 seconds
  Running Boolean_Guards1/test.desc  [OK] in 0 seconds
  Running Calloc1/test.desc  [OK] in 0 seconds
  Running Computed-Goto1/test.desc  [OK] in 1 seconds
  Running Division1/test.desc  [OK] in 0 seconds
  Running Division2/test.desc  [OK] in 0 seconds
  Running Double-to-float-no-simp1/test.desc  [OK] in 0 seconds
  Running Double-to-float-no-simp1-fix1/test.desc  [OK] in 1 seconds
  Running Double-to-float-no-simp1-fix2/test.desc  [OK] in 0 seconds
  Running Double-to-float-with-simp1/test.desc  [OK] in 1 seconds
  Running Ellipsis1/test.desc  [OK] in 0 seconds
  Running Ellipsis2/test.desc  [OK] in 0 seconds
  Running Empty_struct1/test.desc  [OK] in 0 seconds
  Running Endianness1/test.desc  [OK] in 0 seconds
  Running Endianness2/test.desc  [OK] in 1 seconds
  Running Endianness3/test.desc  [OK] in 0 seconds
  Running Endianness4/test.desc  [OK] in 0 seconds
  Running Endianness5/test.desc  [OK] in 0 seconds
  Running Endianness6/test.desc  [OK] in 0 seconds
  Running Endianness7/test.desc  [OK] in 1 seconds
  Running Endianness8/test.desc  [OK] in 0 seconds
  Running Endianness9/test.desc  [OK] in 0 seconds
  Running Error_Label1/test.desc  [OK] in 0 seconds
  Running Error_Label2/test.desc  [OK] in 0 seconds
  Running Error_Label3/test.desc  [OK] in 1 seconds
  Running Eval_Order1/test.desc  [OK] in 0 seconds
  Running Eval_Order2/test.desc  [SKIPPED]
  Running Exceptions1/test.desc  [OK] in 0 seconds
  Running Failing_Assert1/test.desc  [OK] in 0 seconds
  Running Fixedbv1/test.desc  [OK] in 0 seconds
  Running Fixedbv2/test.desc  [OK] in 1 seconds
  Running Fixedbv3/test.desc  [OK] in 0 seconds
  Running Fixedbv4/test.desc  [OK] in 0 seconds
  Running Fixedbv5/test.desc  [OK] in 0 seconds
  Running Fixedbv6/test.desc  [OK] in 1 seconds
  Running Fixedbv7/test.desc  [OK] in 0 seconds
  Running Fixedbv8/test.desc  [OK] in 0 seconds
  Running Float-Rounding1/test.desc  [OK] in 0 seconds
  Running Float-Rounding2/test.desc  [OK] in 1 seconds
  Running Float-Rounding3/test.desc  [OK] in 0 seconds
  Running Float-data-dependent-rounding/test.desc  [OK] in 0 seconds
  Running Float-div1/test.desc  [OK] in 1 seconds
  Running Float-div1-refine/test.desc  [FAILED]
  Running Float-div2/test.desc  [OK] in 0 seconds
  Running Float-div3/test.desc  [OK] in 1 seconds
  Running Float-flags-no-simp1/test.desc  [OK] in 19 seconds
  Running Float-flags-simp1/test.desc  [OK] in 20 seconds
  Running Float-no-simp1/test.desc  [OK] in 0 seconds
  Running Float-no-simp2/test.desc  [OK] in 1 seconds
  Running Float-no-simp3/test.desc  [OK] in 0 seconds
  Running Float-no-simp4/test.desc  [OK] in 0 seconds
  Running Float-no-simp5/test.desc  [OK] in 1 seconds
  Running Float-no-simp6/test.desc  [OK] in 0 seconds
  Running Float-no-simp7/test.desc  [OK] in 0 seconds
  Running Float-no-simp8/test.desc  [OK] in 0 seconds
  Running Float-no-simp9/test.desc  [SKIPPED]
  Running Float-overflow1/test.desc  [OK] in 0 seconds
  Running Float-overflow2/test.desc  [OK] in 1 seconds
  Running Float-to-double1/test.desc  [OK] in 0 seconds
  Running Float-to-double2/test.desc  [OK] in 0 seconds
  Running Float-to-int1/test.desc  [OK] in 0 seconds
  Running Float-to-int2/test.desc  [OK] in 0 seconds
  Running Float-to-int3/test.desc  [OK] in 1 seconds
  Running Float-zero-sum1/test.desc  [OK] in 0 seconds
  Running Float1/test.desc  [OK] in 0 seconds
  Running Float11/test.desc  [OK] in 1 seconds
  Running Float12/test.desc  [OK] in 0 seconds
  Running Float13/test.desc  [OK] in 1 seconds
  Running Float14/test.desc  [OK] in 0 seconds
  Running Float18/test.desc  [OK] in 0 seconds
  Running Float19/test.desc  [OK] in 1 seconds
  Running Float2/test.desc  [OK] in 0 seconds
  Running Float20/test.desc  [OK] in 0 seconds
  Running Float21/test.desc  [OK] in 1 seconds
  Running Float22/test.desc  [OK] in 0 seconds
  Running Float23/test.desc  [OK] in 0 seconds
  Running Float24/test.desc  [FAILED]
  Running Float3/test.desc  [OK] in 0 seconds
  Running Float4/test.desc  [OK] in 3 seconds
  Running Float5/test.desc  [OK] in 0 seconds
  Running Float6/test.desc  [OK] in 0 seconds
  Running Float7/test.desc  [OK] in 0 seconds
  Running Float8/test.desc  [OK] in 1 seconds
  Running Float_lib1/test.desc  [OK] in 0 seconds
  Running Float_lib2/test.desc  [OK] in 1 seconds
  Running Free1/test.desc  [OK] in 0 seconds
  Running Free2/test.desc  [FAILED]
  Running Free3/test.desc  [OK] in 1 seconds
  Running Free4/test.desc  [OK] in 0 seconds
  Running Function-KnR1/test.desc  [OK] in 0 seconds
  Running Function1/test.desc  [OK] in 0 seconds
  Running Function10/test.desc  [OK] in 1 seconds
  Running Function11/test.desc  [OK] in 0 seconds
  Running Function12/test.desc  [OK] in 0 seconds
  Running Function13/test.desc  [OK] in 0 seconds
  Running Function2/test.desc  [OK] in 0 seconds
  Running Function3/test.desc  [OK] in 1 seconds
  Running Function4/test.desc  [OK] in 0 seconds
  Running Function5/test.desc  [OK] in 0 seconds
  Running Function6/test.desc  [OK] in 0 seconds
  Running Function7/test.desc  [OK] in 0 seconds
  Running Function8/test.desc  [OK] in 1 seconds
  Running Function9/test.desc  [OK] in 0 seconds
  Running Function_Eval_Order1/test.desc  [SKIPPED]
  Running Function_Eval_Order2/test.desc  [OK] in 0 seconds
  Running Function_Parameters1/test.desc  [SKIPPED]
  Running Function_Pointer1/test.desc  [OK] in 0 seconds
  Running Function_Pointer10/test.desc  [OK] in 0 seconds
  Running Function_Pointer11/test.desc  [OK] in 1 seconds
  Running Function_Pointer12/test.desc  [OK] in 0 seconds
  Running Function_Pointer13/test.desc  [OK] in 0 seconds
  Running Function_Pointer14/test.desc  [OK] in 0 seconds
  Running Function_Pointer15/test.desc  [OK] in 1 seconds
  Running Function_Pointer16/test.desc  [OK] in 0 seconds
  Running Function_Pointer17/test.desc  [OK] in 0 seconds
  Running Function_Pointer2/test.desc  [OK] in 0 seconds
  Running Function_Pointer3/test.desc  [OK] in 0 seconds
  Running Function_Pointer4/test.desc  [OK] in 1 seconds
  Running Function_Pointer5/test.desc  [OK] in 0 seconds
  Running Function_Pointer6/test.desc  [OK] in 0 seconds
  Running Function_Pointer7/test.desc  [OK] in 0 seconds
  Running Function_Pointer8/test.desc  [OK] in 1 seconds
  Running Function_Pointer9/test.desc  [OK] in 0 seconds
  Running Global_Initialization1/test.desc  [OK] in 0 seconds
  Running Global_Initialization2/test.desc  [OK] in 0 seconds
  Running Initialization1/test.desc  [OK] in 0 seconds
  Running Initialization2/test.desc  [OK] in 1 seconds
  Running Initialization3/test.desc  [OK] in 0 seconds
  Running Initialization5/test.desc  [OK] in 0 seconds
  Running Initialization6/test.desc  [OK] in 0 seconds
  Running Initialization7/test.desc  [SKIPPED]
  Running Linking1/test.desc  [OK] in 1 seconds
  Running Linking2/test.desc  [OK] in 0 seconds
  Running Linking3/test.desc  [OK] in 0 seconds
  Running Linking4/test.desc  [OK] in 1 seconds
  Running Linking5/test.desc  [OK] in 0 seconds
  Running Linking6/test.desc  [OK] in 1 seconds
  Running Local_out_of_scope1/test.desc  [OK] in 0 seconds
  Running Local_out_of_scope2/test.desc  [OK] in 0 seconds
  Running Local_out_of_scope3/test.desc  [FAILED]
  Running Malloc12/test.desc  [SKIPPED]
  Running Malloc13/test.desc  [SKIPPED]
  Running Malloc14/test.desc  [OK] in 1 seconds
  Running Malloc15/test.desc  [OK] in 0 seconds
  Running Malloc16/test.desc  [OK] in 0 seconds
  Running Malloc17/test.desc  [FAILED]
  Running Malloc18/test.desc  [FAILED]
  Running Malloc19/test.desc  [FAILED]
  Running Malloc20/test.desc  [OK] in 0 seconds
  Running Malloc21/test.desc  [OK] in 1 seconds
  Running Malloc22/test.desc  [FAILED]
  Running Malloc23/test.desc  [FAILED]
  Running Malloc24/test.desc  [FAILED]
  Running Memmove1/test.desc  [FAILED]
  Running Memory_leak1/test.desc  [OK] in 1 seconds
  Running Memory_leak2/test.desc  [OK] in 1 seconds
  Running Mod1/test.desc  [OK] in 0 seconds
  Running Mod2/test.desc  [OK] in 1 seconds
  Running Multi_Dimensional_Array1/test.desc  [OK] in 0 seconds
  Running Multi_Dimensional_Array2/test.desc  [FAILED]
  Running Multi_Dimensional_Array3/test.desc  [FAILED]
  Running Multi_Dimensional_Array4/test.desc  [OK] in 0 seconds
  Running Multi_Dimensional_Array5/test.desc  [OK] in 1 seconds
  Running Multi_Dimensional_Array6/test.desc  [FAILED]
  Running Multiple_Properties1/test.desc  [OK] in 1 seconds
  Running Negation1/test.desc  [OK] in 0 seconds
  Running Negation2/test.desc  [OK] in 1 seconds
  Running Overflow_Addition1/test.desc  [OK] in 0 seconds
  Running Overflow_Leftshift1/test.desc  [FAILED]
  Running Overflow_Multiplication1/test.desc  [OK] in 1 seconds
  Running Overflow_Subtraction1/test.desc  [OK] in 1 seconds
  Running Pointer_Arithmetic1/test.desc  [OK] in 0 seconds
  Running Pointer_Arithmetic10/test.desc  [OK] in 0 seconds
  Running Pointer_Arithmetic11/test.desc  [OK] in 1 seconds
  Running Pointer_Arithmetic12/test.desc  [FAILED]
  Running Pointer_Arithmetic13/test.desc  [SKIPPED]
  Running Pointer_Arithmetic2/test.desc  [OK] in 0 seconds
  Running Pointer_Arithmetic3/test.desc  [OK] in 1 seconds
  Running Pointer_Arithmetic4/test.desc  [OK] in 0 seconds
  Running Pointer_Arithmetic5/test.desc  [OK] in 1 seconds
  Running Pointer_Arithmetic6/test.desc  [OK] in 0 seconds
  Running Pointer_Arithmetic7/test.desc  [OK] in 1 seconds
  Running Pointer_Arithmetic8/test.desc  [OK] in 0 seconds
  Running Pointer_Arithmetic9/test.desc  [OK] in 0 seconds
  Running Pointer_Assume1/test.desc  [SKIPPED]
  Running Pointer_array1/test.desc  [OK] in 1 seconds
  Running Pointer_array2/test.desc  [OK] in 0 seconds
  Running Pointer_array3/test.desc  [OK] in 0 seconds
  Running Pointer_array4/test.desc  [OK] in 1 seconds
  Running Pointer_array5/test.desc  [OK] in 2 seconds
  Running Pointer_array6/test.desc  [FAILED]
  Running Pointer_byte_extract1/test.desc  [OK] in 1 seconds
  Running Pointer_byte_extract2/test.desc  [FAILED]
  Running Pointer_byte_extract3/test.desc  [OK] in 0 seconds
  Running Pointer_byte_extract4/test.desc  [FAILED]
  Running Pointer_byte_extract5/test.desc  [FAILED]
  Running Pointer_byte_extract6/test.desc  [OK] in 1 seconds
  Running Pointer_byte_extract7/test.desc  [OK] in 0 seconds
  Running Pointer_byte_extract8/test.desc  [SKIPPED]
  Running Pointer_byte_extract9/test.desc  [OK] in 0 seconds
  Running Pointer_difference1/test.desc  [OK] in 1 seconds
  Running Promotion1/test.desc  [OK] in 0 seconds
  Running Promotion2/test.desc  [OK] in 1 seconds
  Running Promotion3/test.desc  [OK] in 0 seconds
  Running Quantifiers-assertion/test.desc  [FAILED]
  Running Quantifiers-assignment/test.desc  [FAILED]
  Running Quantifiers-copy/test.desc  [FAILED]
  Running Quantifiers-if/test.desc  [FAILED]
  Running Quantifiers-initialisation/test.desc  [FAILED]
  Running Quantifiers-initialisation2/test.desc  [FAILED]
  Running Quantifiers-invalid-var-range/test.desc  [FAILED]
  Running Quantifiers-not/test.desc  [FAILED]
  Running Quantifiers-not-exists/test.desc  [FAILED]
  Running Quantifiers-two-dimension-array/test.desc  [FAILED]
  Running Quantifiers-type/test.desc  [FAILED]
  Running Quantifiers1/test.desc  [FAILED]
  Running Recursion1/test.desc  [OK] in 0 seconds
  Running Recursion2/test.desc  [OK] in 0 seconds
  Running Recursion3/test.desc  [OK] in 1 seconds
  Running Recursion4/test.desc  [OK] in 0 seconds
  Running Recursion5/test.desc  [OK] in 0 seconds
  Running Recursion6/test.desc  [FAILED]
  Running Sideeffects1/test.desc  [OK] in 0 seconds
  Running Sideeffects2/test.desc  [OK] in 1 seconds
  Running Sideeffects3/test.desc  [OK] in 0 seconds
  Running Sideeffects4/test.desc  [OK] in 0 seconds
  Running Sideeffects5/test.desc  [OK] in 0 seconds
  Running Sideeffects6/test.desc  [OK] in 0 seconds
  Running Static2/test.desc  [OK] in 1 seconds
  Running Static4/test.desc  [FAILED]
  Running Static_Functions1/test.desc  [OK] in 0 seconds
  Running String1/test.desc  [OK] in 0 seconds
  Running String2/test.desc  [OK] in 0 seconds
  Running String3/test.desc  [SKIPPED]
  Running String4/test.desc  [OK] in 1 seconds
  Running String5/test.desc  [OK] in 0 seconds
  Running String6/test.desc  [OK] in 1 seconds
  Running String7/test.desc  [OK] in 0 seconds
  Running String_Literal1/test.desc  [OK] in 0 seconds
  Running Struct_Bytewise1/test.desc  [OK] in 0 seconds
  Running Struct_Bytewise2/test.desc  [OK] in 0 seconds
  Running Struct_Initialization1/test.desc  [OK] in 1 seconds
  Running Struct_Initialization10/test.desc  [OK] in 0 seconds
  Running Struct_Initialization2/test.desc  [OK] in 0 seconds
  Running Struct_Initialization3/test.desc  [OK] in 0 seconds
  Running Struct_Initialization4/test.desc  [OK] in 0 seconds
  Running Struct_Initialization5/test.desc  [OK] in 1 seconds
  Running Struct_Initialization6/test.desc  [OK] in 0 seconds
  Running Struct_Initialization7/test.desc  [OK] in 0 seconds
  Running Struct_Initialization8/test.desc  [SKIPPED]
  Running Struct_Initialization9/test.desc  [OK] in 0 seconds
  Running Struct_Padding1/test.desc  [OK] in 0 seconds
  Running Typecast1/test.desc  [OK] in 1 seconds
  Running Typecast2/test.desc  [OK] in 0 seconds
  Running Undefined_Function1/test.desc  [FAILED]
  Running Undefined_Function2/test.desc  [FAILED]
  Running Undefined_Shift1/test.desc  [FAILED]
  Running Union_Initialization1/test.desc  [OK] in 1 seconds
  Running Unwinding_Assertions_Improved1/test.desc  [SKIPPED]
  Running Unwinding_Locality1/test.desc  [OK] in 0 seconds
  Running Variadic1/test.desc  [SKIPPED]
  Running Visual_Studio_Types1/test.desc  [OK] in 0 seconds
  Running Visual_Studio_Types2/test.desc  [OK] in 0 seconds
  Running Volatile1/test.desc  [SKIPPED]
  Running Zero_Initialization1/test.desc  [OK] in 0 seconds
  Running __func__1/test.desc  [OK] in 0 seconds
  Running abs1/test.desc  [OK] in 1 seconds
  Running address_space_size_limit1/test.desc  [FAILED]
  Running address_space_size_limit2/test.desc  [SKIPPED]
  Running address_space_size_limit3/test.desc  [FAILED]
  Running argv1/test.desc  [FAILED]
  Running array-tests/test.desc  [SKIPPED]
  Running atomic_section_seq1/test.desc  [FAILED]
  Running bad_option/test.desc  [OK] in 0 seconds
  Running bad_option/test_multiple.desc  [OK] in 0 seconds
  Running big-endian-array1/test.desc  [FAILED]
  Running byte_update1/test.desc  [OK] in 0 seconds
  Running byte_update2/test.desc  [FAILED]
  Running byte_update3/test.desc  [FAILED]
  Running byte_update4/test.desc  [FAILED]
  Running byte_update5/test.desc  [FAILED]
  Running byte_update6/test.desc  [FAILED]
  Running byte_update7/test.desc  [FAILED]
  Running byte_update8/test.desc  [OK] in 0 seconds
  Running byte_update9/test.desc  [OK] in 0 seconds
  Running c99_Bool/test.desc  [OK] in 0 seconds
  Running char1/test.desc  [OK] in 0 seconds
  Running character_handling1/test.desc  [OK] in 1 seconds
  Running comma1/test.desc  [OK] in 0 seconds
  Running complex1/test.desc  [OK] in 0 seconds
  Running compound_literal1/test.desc  [OK] in 0 seconds
  Running const_ptr1/test.desc  [OK] in 1 seconds
  Running constant_folding1/test.desc  [OK] in 0 seconds
  Running constant_folding2/test.desc  [SKIPPED]
  Running constructor1/test.desc  [OK] in 0 seconds
  Running coverage_report1/test.desc  [FAILED]
  Running divide-by-one-simplify/test.desc  [OK] in 1 seconds
  Running dynamic_size1/test.desc  [FAILED]
  Running dynamic_sizeof1/test.desc  [OK] in 0 seconds
  Running enum1/test.desc  [OK] in 1 seconds
  Running enum2/test.desc  [OK] in 0 seconds
  Running enum3/test.desc  [OK] in 0 seconds
  Running enum4/test.desc  [OK] in 0 seconds
  Running enum5/test.desc  [OK] in 0 seconds
  Running enum6/test.desc  [SKIPPED]
  Running equality_through_array1/test.desc  [OK] in 1 seconds
  Running equality_through_array2/test.desc  [OK] in 0 seconds
  Running equality_through_array3/test.desc  [OK] in 0 seconds
  Running equality_through_array4/test.desc  [OK] in 0 seconds
  Running equality_through_array5/test.desc  [OK] in 0 seconds
  Running equality_through_array6/test.desc  [OK] in 1 seconds
  Running equality_through_array_of_struct1/test.desc  [OK] in 0 seconds
  Running equality_through_array_of_struct2/test.desc  [OK] in 0 seconds
  Running equality_through_array_of_struct3/test.desc  [OK] in 0 seconds
  Running equality_through_array_of_struct4/test.desc  [OK] in 0 seconds
  Running equality_through_struct1/test.desc  [OK] in 1 seconds
  Running equality_through_struct2/test.desc  [OK] in 0 seconds
  Running equality_through_struct3/test.desc  [OK] in 0 seconds
  Running equality_through_struct4/test.desc  [OK] in 0 seconds
  Running equality_through_struct5/test.desc  [OK] in 1 seconds
  Running equality_through_struct_containing_arrays1/test.desc  [OK] in 0 seconds
  Running equality_through_struct_containing_arrays2/test.desc  [OK] in 0 seconds
  Running equality_through_struct_containing_arrays3/test.desc  [OK] in 0 seconds
  Running equality_through_union1/test.desc  [OK] in 1 seconds
  Running equality_through_union2/test.desc  [OK] in 0 seconds
  Running equality_through_union3/test.desc  [OK] in 0 seconds
  Running exit1/test.desc  [OK] in 0 seconds
  Running extern_initialization1/test.desc  [OK] in 1 seconds
  Running extern_initialization2/test.desc  [OK] in 0 seconds
  Running fgets1/test.desc  [FAILED]
  Running for-break1/test.desc  [OK] in 0 seconds
  Running for1/test.desc  [OK] in 0 seconds
  Running for2/test.desc  [OK] in 0 seconds
  Running for3/test.desc  [OK] in 1 seconds
  Running full_slice1/test.desc  [FAILED]
  Running full_slice2/test.desc  [FAILED]
  Running function_option1/test.desc  [OK] in 0 seconds
  Running gcc_attribute_alias1/test.desc  [OK] in 0 seconds
  Running gcc_bswap1/test.desc  [FAILED]
  Running gcc_c99-bool-1/test.desc  [OK] in 1 seconds
  Running gcc_conditional_expr1/test.desc  [OK] in 0 seconds
  Running gcc_local_label1/test.desc  [FAILED]
  Running gcc_statement_expression1/test.desc  [OK] in 0 seconds
  Running gcc_statement_expression2/test.desc  [OK] in 0 seconds
  Running gcc_statement_expression3/test.desc  [OK] in 1 seconds
  Running gcc_statement_expression4/test.desc  [OK] in 0 seconds
  Running gcc_statement_expression5/test.desc  [OK] in 0 seconds
  Running gcc_vector1/test.desc  [SKIPPED]
  Running gcc_vector2/test.desc  [OK] in 0 seconds
  Running getenv-overflow1/test.desc  [OK] in 1 seconds
  Running goto1/test.desc  [OK] in 0 seconds
  Running goto2/test.desc  [OK] in 0 seconds
  Running goto3/test.desc  [OK] in 0 seconds
  Running goto4/test.desc  [FAILED]
  Running graphml_witness1/test.desc  [FAILED]
  Running guard1/test.desc  [OK] in 1 seconds
  Running havoc_object1/test.desc  [FAILED]
  Running hex_string1/test.desc  [OK] in 0 seconds
  Running if1/test.desc  [OK] in 0 seconds
  Running if2/test.desc  [OK] in 0 seconds
  Running if3/test.desc  [OK] in 1 seconds
  Running if4/test.desc  [OK] in 0 seconds
  Running inequality-with-constant-normalisation/test.desc  [OK] in 0 seconds
  Running inet_endian1/test.desc  [FAILED]
  Running inline1/test.desc  [OK] in 1 seconds
  Running int-to-float1/test.desc  [OK] in 0 seconds
  Running int-to-float2/test.desc  [OK] in 3 seconds
  Running little-endian-array1/test.desc  [FAILED]
  Running locations1/test.desc  [OK] in 0 seconds
  Running memcpy1/test.desc  [FAILED]
  Running memory_allocation1/test.desc  [FAILED]
  Running memset1/test.desc  [FAILED]
  Running memset2/test.desc  [OK] in 1 seconds
  Running memset3/test.desc  [FAILED]
  Running mm_io1/test.desc  [FAILED]
  Running no_nondet_static/test.desc  [FAILED]
  Running noop1/test.desc  [OK] in 1 seconds
  Running null1/test.desc  [OK] in 0 seconds
  Running null2/test.desc  [OK] in 0 seconds
  Running null3/test.desc  [FAILED]
  Running offsetof1/test.desc  [FAILED]
  Running pipe1/test.desc  [FAILED]
  Running pointer-function-parameters/test.desc  [FAILED]
  Running pointer-function-parameters-2/test.desc  [FAILED]
  Running printf1/test.desc  [FAILED]
  Running realloc1/test.desc  [OK] in 0 seconds
  Running realloc2/test.desc  [OK] in 1 seconds
  Running realloc3/test.desc  [OK] in 0 seconds
  Running return1/test.desc  [OK] in 1 seconds
  Running return3/test.desc  [OK] in 0 seconds
  Running return4/test.desc  [OK] in 0 seconds
  Running return5/test.desc  [OK] in 0 seconds
  Running scanf1/test.desc  [OK] in 1 seconds
  Running simplify-full-test/test.desc  [OK] in 0 seconds
  Running simplify-function-call-array-element-pointer/test.desc  [OK] in 0 seconds
  Running simplify-function-call-array-pointer/test.desc  [OK] in 0 seconds
  Running simplify-function-call-pointer-access/test.desc  [OK] in 0 seconds
  Running simplify-global-array-access/test.desc  [OK] in 1 seconds
  Running simplify-local-array-access/test.desc  [OK] in 0 seconds
  Running simplify-pointer-access/test.desc  [OK] in 0 seconds
  Running strcat1/test.desc  [FAILED]
  Running strchr1/test.desc  [OK] in 1 seconds
  Running strtol1/test.desc  [OK] in 0 seconds
  Running strtol2/test.desc  [OK] in 1 seconds
  Running struct1/test.desc  [OK] in 0 seconds
  Running struct3/test.desc  [OK] in 0 seconds
  Running struct4/test.desc  [OK] in 1 seconds
  Running struct6/test.desc  [OK] in 0 seconds
  Running struct7/test.desc  [OK] in 0 seconds
  Running struct8/test.desc  [OK] in 0 seconds
  Running struct9/test.desc  [OK] in 1 seconds
  Running switch1/test.desc  [OK] in 0 seconds
  Running switch2/test.desc  [OK] in 0 seconds
  Running switch3/test.desc  [OK] in 0 seconds
  Running switch4/test.desc  [OK] in 0 seconds
  Running switch5/test.desc  [OK] in 1 seconds
  Running switch6/test.desc  [OK] in 0 seconds
  Running trace_options_json_extended/extended.desc  [FAILED]
  Running trace_options_json_extended/non-extended.desc  [FAILED]
  Running typedef-anon-struct1/test.desc  [FAILED]
  Running typedef-anon-struct2/test.desc  [FAILED]
  Running typedef-anon-union1/test.desc  [FAILED]
  Running typedef-anon-union2/test.desc  [FAILED]
  Running typedef-const-struct1/test.desc  [FAILED]
  Running typedef-const-type1/test.desc  [FAILED]
  Running typedef-const-union1/test.desc  [FAILED]
  Running typedef-param-anon-struct1/test.desc  [FAILED]
  Running typedef-param-anon-union1/test.desc  [FAILED]
  Running typedef-param-struct1/test.desc  [FAILED]
  Running typedef-param-type1/test.desc  [FAILED]
  Running typedef-param-type2/test.desc  [FAILED]
  Running typedef-param-type3/test.desc  [FAILED]
  Running typedef-param-union1/test.desc  [FAILED]
  Running typedef-return-anon-struct1/test.desc  [FAILED]
  Running typedef-return-anon-union1/test.desc  [FAILED]
  Running typedef-return-struct1/test.desc  [FAILED]
  Running typedef-return-type1/test.desc  [FAILED]
  Running typedef-return-type2/test.desc  [FAILED]
  Running typedef-return-type3/test.desc  [FAILED]
  Running typedef-return-union1/test.desc  [FAILED]
  Running typedef-struct1/test.desc  [FAILED]
  Running typedef-struct2/test.desc  [FAILED]
  Running typedef-type1/test.desc  [FAILED]
  Running typedef-type2/test.desc  [FAILED]
  Running typedef-type3/test.desc  [FAILED]
  Running typedef-type4/test.desc  [FAILED]
  Running typedef-union1/test.desc  [FAILED]
  Running typedef-union2/test.desc  [FAILED]
  Running uncaught_exceptions_analysis1/test.desc  [OK] in 0 seconds
  Running union1/test.desc  [SKIPPED]
  Running union2/test.desc  [OK] in 0 seconds
  Running union3/test.desc  [OK] in 1 seconds
  Running union4/test.desc  [OK] in 0 seconds
  Running union5/test.desc  [OK] in 0 seconds
  Running union6/test.desc  [OK] in 0 seconds
  Running union7/test.desc  [OK] in 0 seconds
  Running union8/test.desc  [FAILED]
  Running union9/test.desc  [OK] in 0 seconds
  Running unsigned1/test.desc  [FAILED]
  Running unsigned___int128/test.desc  [OK] in 1 seconds
  Running unsigned_char1/test.desc  [OK] in 0 seconds
  Running unwind_counters1/test.desc  [FAILED]
  Running unwind_counters2/test.desc  [FAILED]
  Running unwind_counters3/test.desc  [FAILED]
  Running va_list1/test.desc  [OK] in 0 seconds
  Running va_list2/test.desc  [SKIPPED]
  Running va_list3/test.desc  [SKIPPED]
  Running variable-access-to-constant-array/test.desc  [FAILED]
  Running void_ifthenelse/test.desc  [OK] in 1 seconds
  Running void_pointer1/test.desc  [OK] in 0 seconds
  Running void_pointer2/test.desc  [OK] in 0 seconds
  Running void_pointer3/test.desc  [FAILED]
  Running while1/test.desc  [OK] in 0 seconds

Tests failed
  111 of 495 tests failed, 23 tests skipped
